<?xml version="1.0" encoding="UTF-8"?>
<!-- Generated by org.testng.reporters.JUnitXMLReporter -->
<testsuite hostname="DQ-PC" ignored="0" name="PoisitiveCheck" tests="5" failures="0" timestamp="2020-08-06T09:12:06 ALMT" time="31.052" errors="0">
  <testcase name="CheckPgTitle" time="8.94" classname="org.hr.OrangeTest.Test.LoginTest"/>
  <testcase name="logintest" time="5.853" classname="org.hr.OrangeTest.Test.LoginTest"/>
  <testcase name="AssignLeavePage" time="3.426" classname="org.hr.OrangeTest.Test.LeavePageTest"/>
  <testcase name="AssignLeaveTest" time="7.684" classname="org.hr.OrangeTest.Test.LeavePageTest"/>
  <testcase name="ClickConfirm" time="2.974" classname="org.hr.OrangeTest.Test.LeavePageTest"/>
</testsuite> <!-- PoisitiveCheck -->
